# JRE version: OpenJDK Runtime Environment (8.0_152-b02) (build 1.8.0_152-release-1024-b02)
# Java VM: OpenJDK 64-Bit Server VM (25.152-b02 mixed mode windows-amd64 compressed oops)
Heap:
 PSYoungGen      total 481280K, used 219680K [0x00000000e0000000, 0x00000000ffb00000, 0x0000000100000000)
  eden space 446464K, 46% used [0x00000000e0000000,0x00000000ecc04010,0x00000000fb400000)
  from space 34816K, 30% used [0x00000000fd900000,0x00000000fe3843b0,0x00000000ffb00000)
  to   space 36352K, 0% used [0x00000000fb400000,0x00000000fb400000,0x00000000fd780000)
 ParOldGen       total 155648K, used 119342K [0x00000000a0000000, 0x00000000a9800000, 0x00000000e0000000)
  object space 155648K, 76% used [0x00000000a0000000,0x00000000a748bbd8,0x00000000a9800000)
 Metaspace       used 79496K, capacity 83444K, committed 83584K, reserved 1122304K
  class space    used 10242K, capacity 11033K, committed 11136K, reserved 1048576K
GC Heap History (10 events):
Event: 1113.038 GC heap before
{Heap before GC invocations=23 (full 3):
 PSYoungGen      total 422912K, used 422907K [0x00000000e0000000, 0x0000000100000000, 0x0000000100000000)
  eden space 392704K, 100% used [0x00000000e0000000,0x00000000f7f80000,0x00000000f7f80000)
  from space 30208K, 99% used [0x00000000f7f80000,0x00000000f9cfefd0,0x00000000f9d00000)
  to   space 37376K, 0% used [0x00000000fdb80000,0x00000000fdb80000,0x0000000100000000)
 ParOldGen       total 155648K, used 63687K [0x00000000a0000000, 0x00000000a9800000, 0x00000000e0000000)
  object space 155648K, 40% used [0x00000000a0000000,0x00000000a3e31d18,0x00000000a9800000)
 Metaspace       used 69597K, capacity 72126K, committed 72320K, reserved 1112064K
  class space    used 8940K, capacity 9514K, committed 9600K, reserved 1048576K
Event: 1113.115 GC heap after
Heap after GC invocations=23 (full 3):
 PSYoungGen      total 481792K, used 26906K [0x00000000e0000000, 0x0000000100000000, 0x0000000100000000)
  eden space 444416K, 0% used [0x00000000e0000000,0x00000000e0000000,0x00000000fb200000)
  from space 37376K, 71% used [0x00000000fdb80000,0x00000000ff5c6870,0x0000000100000000)
  to   space 39936K, 0% used [0x00000000fb200000,0x00000000fb200000,0x00000000fd900000)
 ParOldGen       total 155648K, used 82947K [0x00000000a0000000, 0x00000000a9800000, 0x00000000e0000000)
  object space 155648K, 53% used [0x00000000a0000000,0x00000000a5100df8,0x00000000a9800000)
 Metaspace       used 69597K, capacity 72126K, committed 72320K, reserved 1112064K
  class space    used 8940K, capacity 9514K, committed 9600K, reserved 1048576K
}
Event: 1113.325 GC heap before
{Heap before GC invocations=24 (full 3):
 PSYoungGen      total 481792K, used 470982K [0x00000000e0000000, 0x0000000100000000, 0x0000000100000000)
  eden space 444416K, 99% used [0x00000000e0000000,0x00000000fb1ab0a0,0x00000000fb200000)
  from space 37376K, 71% used [0x00000000fdb80000,0x00000000ff5c6870,0x0000000100000000)
  to   space 39936K, 0% used [0x00000000fb200000,0x00000000fb200000,0x00000000fd900000)
 ParOldGen       total 155648K, used 82947K [0x00000000a0000000, 0x00000000a9800000, 0x00000000e0000000)
  object space 155648K, 53% used [0x00000000a0000000,0x00000000a5100df8,0x00000000a9800000)
 Metaspace       used 69605K, capacity 72126K, committed 72320K, reserved 1112064K
  class space    used 8940K, capacity 9514K, committed 9600K, reserved 1048576K
Event: 1113.369 GC heap after
Heap after GC invocations=24 (full 3):
 PSYoungGen      total 484352K, used 3387K [0x00000000e0000000, 0x0000000100000000, 0x0000000100000000)
  eden space 444416K, 0% used [0x00000000e0000000,0x00000000e0000000,0x00000000fb200000)
  from space 39936K, 8% used [0x00000000fb200000,0x00000000fb54ee40,0x00000000fd900000)
  to   space 39424K, 0% used [0x00000000fd980000,0x00000000fd980000,0x0000000100000000)
 ParOldGen       total 155648K, used 107451K [0x00000000a0000000, 0x00000000a9800000, 0x00000000e0000000)
  object space 155648K, 69% used [0x00000000a0000000,0x00000000a68eec50,0x00000000a9800000)
 Metaspace       used 69605K, capacity 72126K, committed 72320K, reserved 1112064K
  class space    used 8940K, capacity 9514K, committed 9600K, reserved 1048576K
}
Event: 1113.593 GC heap before
{Heap before GC invocations=25 (full 3):
 PSYoungGen      total 484352K, used 447803K [0x00000000e0000000, 0x0000000100000000, 0x0000000100000000)
  eden space 444416K, 100% used [0x00000000e0000000,0x00000000fb200000,0x00000000fb200000)
  from space 39936K, 8% used [0x00000000fb200000,0x00000000fb54ee40,0x00000000fd900000)
  to   space 39424K, 0% used [0x00000000fd980000,0x00000000fd980000,0x0000000100000000)
 ParOldGen       total 155648K, used 107451K [0x00000000a0000000, 0x00000000a9800000, 0x00000000e0000000)
  object space 155648K, 69% used [0x00000000a0000000,0x00000000a68eec50,0x00000000a9800000)
 Metaspace       used 69608K, capacity 72132K, committed 72320K, reserved 1112064K
  class space    used 8940K, capacity 9515K, committed 9600K, reserved 1048576K
Event: 1113.611 GC heap after
Heap after GC invocations=25 (full 3):
 PSYoungGen      total 483840K, used 810K [0x00000000e0000000, 0x00000000fff80000, 0x0000000100000000)
  eden space 444928K, 0% used [0x00000000e0000000,0x00000000e0000000,0x00000000fb280000)
  from space 38912K, 2% used [0x00000000fd980000,0x00000000fda4a878,0x00000000fff80000)
  to   space 39424K, 0% used [0x00000000fb280000,0x00000000fb280000,0x00000000fd900000)
 ParOldGen       total 155648K, used 108380K [0x00000000a0000000, 0x00000000a9800000, 0x00000000e0000000)
  object space 155648K, 69% used [0x00000000a0000000,0x00000000a69d71c0,0x00000000a9800000)
 Metaspace       used 69608K, capacity 72132K, committed 72320K, reserved 1112064K
  class space    used 8940K, capacity 9515K, committed 9600K, reserved 1048576K
}
Event: 1124.179 GC heap before
{Heap before GC invocations=26 (full 3):
 PSYoungGen      total 483840K, used 445738K [0x00000000e0000000, 0x00000000fff80000, 0x0000000100000000)
  eden space 444928K, 100% used [0x00000000e0000000,0x00000000fb280000,0x00000000fb280000)
  from space 38912K, 2% used [0x00000000fd980000,0x00000000fda4a878,0x00000000fff80000)
  to   space 39424K, 0% used [0x00000000fb280000,0x00000000fb280000,0x00000000fd900000)
 ParOldGen       total 155648K, used 108380K [0x00000000a0000000, 0x00000000a9800000, 0x00000000e0000000)
  object space 155648K, 69% used [0x00000000a0000000,0x00000000a69d71c0,0x00000000a9800000)
 Metaspace       used 76063K, capacity 79688K, committed 79744K, reserved 1118208K
  class space    used 9856K, capacity 10595K, committed 10624K, reserved 1048576K
Event: 1124.205 GC heap after
Heap after GC invocations=26 (full 3):
 PSYoungGen      total 484352K, used 17297K [0x00000000e0000000, 0x00000000ffe80000, 0x0000000100000000)
  eden space 444928K, 0% used [0x00000000e0000000,0x00000000e0000000,0x00000000fb280000)
  from space 39424K, 43% used [0x00000000fb280000,0x00000000fc3646d0,0x00000000fd900000)
  to   space 38400K, 0% used [0x00000000fd900000,0x00000000fd900000,0x00000000ffe80000)
 ParOldGen       total 155648K, used 108554K [0x00000000a0000000, 0x00000000a9800000, 0x00000000e0000000)
  object space 155648K, 69% used [0x00000000a0000000,0x00000000a6a02a58,0x00000000a9800000)
 Metaspace       used 76063K, capacity 79688K, committed 79744K, reserved 1118208K
  class space    used 9856K, capacity 10595K, committed 10624K, reserved 1048576K
}
Event: 1549.970 GC heap before
{Heap before GC invocations=27 (full 3):
 PSYoungGen      total 484352K, used 462225K [0x00000000e0000000, 0x00000000ffe80000, 0x0000000100000000)
  eden space 444928K, 100% used [0x00000000e0000000,0x00000000fb280000,0x00000000fb280000)
  from space 39424K, 43% used [0x00000000fb280000,0x00000000fc3646d0,0x00000000fd900000)
  to   space 38400K, 0% used [0x00000000fd900000,0x00000000fd900000,0x00000000ffe80000)
 ParOldGen       total 155648K, used 108554K [0x00000000a0000000, 0x00000000a9800000, 0x00000000e0000000)
  object space 155648K, 69% used [0x00000000a0000000,0x00000000a6a02a58,0x00000000a9800000)
 Metaspace       used 79249K, capacity 83160K, committed 83328K, reserved 1122304K
  class space    used 10240K, capacity 11029K, committed 11136K, reserved 1048576K
Event: 1550.002 GC heap after
Heap after GC invocations=27 (full 3):
 PSYoungGen      total 481280K, used 10768K [0x00000000e0000000, 0x00000000ffb00000, 0x0000000100000000)
  eden space 446464K, 0% used [0x00000000e0000000,0x00000000e0000000,0x00000000fb400000)
  from space 34816K, 30% used [0x00000000fd900000,0x00000000fe3843b0,0x00000000ffb00000)
  to   space 36352K, 0% used [0x00000000fb400000,0x00000000fb400000,0x00000000fd780000)
 ParOldGen       total 155648K, used 119342K [0x00000000a0000000, 0x00000000a9800000, 0x00000000e0000000)
  object space 155648K, 76% used [0x00000000a0000000,0x00000000a748bbd8,0x00000000a9800000)
 Metaspace       used 79249K, capacity 83160K, committed 83328K, reserved 1122304K
  class space    used 10240K, capacity 11029K, committed 11136K, reserved 1048576K
}

