# JRE version: OpenJDK Runtime Environment (8.0_152-b02) (build 1.8.0_152-release-1024-b02)
# Java VM: OpenJDK 64-Bit Server VM (25.152-b02 mixed mode windows-amd64 compressed oops)
Heap:
 PSYoungGen      total 492544K, used 20072K [0x00000000e0000000, 0x00000000ffc80000, 0x0000000100000000)
  eden space 465408K, 3% used [0x00000000e0000000,0x00000000e0e477e0,0x00000000fc680000)
  from space 27136K, 20% used [0x00000000fe200000,0x00000000fe752898,0x00000000ffc80000)
  to   space 27648K, 0% used [0x00000000fc680000,0x00000000fc680000,0x00000000fe180000)
 ParOldGen       total 198144K, used 82822K [0x00000000a0000000, 0x00000000ac180000, 0x00000000e0000000)
  object space 198144K, 41% used [0x00000000a0000000,0x00000000a50e1a38,0x00000000ac180000)
 Metaspace       used 79628K, capacity 83262K, committed 83840K, reserved 1122304K
  class space    used 10176K, capacity 10888K, committed 11136K, reserved 1048576K
GC Heap History (10 events):
Event: 422.473 GC heap before
{Heap before GC invocations=30 (full 4):
 PSYoungGen      total 492032K, used 32K [0x00000000e0000000, 0x00000000fff00000, 0x0000000100000000)
  eden space 460800K, 0% used [0x00000000e0000000,0x00000000e0000000,0x00000000fc200000)
  from space 31232K, 0% used [0x00000000fe080000,0x00000000fe088000,0x00000000fff00000)
  to   space 31232K, 0% used [0x00000000fc200000,0x00000000fc200000,0x00000000fe080000)
 ParOldGen       total 151552K, used 138607K [0x00000000a0000000, 0x00000000a9400000, 0x00000000e0000000)
  object space 151552K, 91% used [0x00000000a0000000,0x00000000a875bcf0,0x00000000a9400000)
 Metaspace       used 79452K, capacity 83280K, committed 83584K, reserved 1122304K
  class space    used 10253K, capacity 11017K, committed 11136K, reserved 1048576K
Event: 422.835 GC heap after
Heap after GC invocations=30 (full 4):
 PSYoungGen      total 492032K, used 0K [0x00000000e0000000, 0x00000000fff00000, 0x0000000100000000)
  eden space 460800K, 0% used [0x00000000e0000000,0x00000000e0000000,0x00000000fc200000)
  from space 31232K, 0% used [0x00000000fe080000,0x00000000fe080000,0x00000000fff00000)
  to   space 31232K, 0% used [0x00000000fc200000,0x00000000fc200000,0x00000000fe080000)
 ParOldGen       total 198144K, used 70754K [0x00000000a0000000, 0x00000000ac180000, 0x00000000e0000000)
  object space 198144K, 35% used [0x00000000a0000000,0x00000000a4518be8,0x00000000ac180000)
 Metaspace       used 79110K, capacity 82402K, committed 83584K, reserved 1122304K
  class space    used 10135K, capacity 10812K, committed 11136K, reserved 1048576K
}
Event: 568.901 GC heap before
{Heap before GC invocations=31 (full 4):
 PSYoungGen      total 492032K, used 460800K [0x00000000e0000000, 0x00000000fff00000, 0x0000000100000000)
  eden space 460800K, 100% used [0x00000000e0000000,0x00000000fc200000,0x00000000fc200000)
  from space 31232K, 0% used [0x00000000fe080000,0x00000000fe080000,0x00000000fff00000)
  to   space 31232K, 0% used [0x00000000fc200000,0x00000000fc200000,0x00000000fe080000)
 ParOldGen       total 198144K, used 70754K [0x00000000a0000000, 0x00000000ac180000, 0x00000000e0000000)
  object space 198144K, 35% used [0x00000000a0000000,0x00000000a4518be8,0x00000000ac180000)
 Metaspace       used 79198K, capacity 82526K, committed 83584K, reserved 1122304K
  class space    used 10140K, capacity 10822K, committed 11136K, reserved 1048576K
Event: 568.914 GC heap after
Heap after GC invocations=31 (full 4):
 PSYoungGen      total 492032K, used 1546K [0x00000000e0000000, 0x00000000ffe00000, 0x0000000100000000)
  eden space 460800K, 0% used [0x00000000e0000000,0x00000000e0000000,0x00000000fc200000)
  from space 31232K, 4% used [0x00000000fc200000,0x00000000fc382878,0x00000000fe080000)
  to   space 30208K, 0% used [0x00000000fe080000,0x00000000fe080000,0x00000000ffe00000)
 ParOldGen       total 198144K, used 70762K [0x00000000a0000000, 0x00000000ac180000, 0x00000000e0000000)
  object space 198144K, 35% used [0x00000000a0000000,0x00000000a451abe8,0x00000000ac180000)
 Metaspace       used 79198K, capacity 82526K, committed 83584K, reserved 1122304K
  class space    used 10140K, capacity 10822K, committed 11136K, reserved 1048576K
}
Event: 578.464 GC heap before
{Heap before GC invocations=32 (full 4):
 PSYoungGen      total 492032K, used 461467K [0x00000000e0000000, 0x00000000ffe00000, 0x0000000100000000)
  eden space 460800K, 99% used [0x00000000e0000000,0x00000000fc1244e8,0x00000000fc200000)
  from space 31232K, 4% used [0x00000000fc200000,0x00000000fc382878,0x00000000fe080000)
  to   space 30208K, 0% used [0x00000000fe080000,0x00000000fe080000,0x00000000ffe00000)
 ParOldGen       total 198144K, used 70762K [0x00000000a0000000, 0x00000000ac180000, 0x00000000e0000000)
  object space 198144K, 35% used [0x00000000a0000000,0x00000000a451abe8,0x00000000ac180000)
 Metaspace       used 79498K, capacity 83112K, committed 83840K, reserved 1122304K
  class space    used 10175K, capacity 10887K, committed 11136K, reserved 1048576K
Event: 578.480 GC heap after
Heap after GC invocations=32 (full 4):
 PSYoungGen      total 492544K, used 12549K [0x00000000e0000000, 0x00000000ffe00000, 0x0000000100000000)
  eden space 462336K, 0% used [0x00000000e0000000,0x00000000e0000000,0x00000000fc380000)
  from space 30208K, 41% used [0x00000000fe080000,0x00000000fecc1798,0x00000000ffe00000)
  to   space 29696K, 0% used [0x00000000fc380000,0x00000000fc380000,0x00000000fe080000)
 ParOldGen       total 198144K, used 72030K [0x00000000a0000000, 0x00000000ac180000, 0x00000000e0000000)
  object space 198144K, 36% used [0x00000000a0000000,0x00000000a4657a50,0x00000000ac180000)
 Metaspace       used 79498K, capacity 83112K, committed 83840K, reserved 1122304K
  class space    used 10175K, capacity 10887K, committed 11136K, reserved 1048576K
}
Event: 578.587 GC heap before
{Heap before GC invocations=33 (full 4):
 PSYoungGen      total 492544K, used 474454K [0x00000000e0000000, 0x00000000ffe00000, 0x0000000100000000)
  eden space 462336K, 99% used [0x00000000e0000000,0x00000000fc314120,0x00000000fc380000)
  from space 30208K, 41% used [0x00000000fe080000,0x00000000fecc1798,0x00000000ffe00000)
  to   space 29696K, 0% used [0x00000000fc380000,0x00000000fc380000,0x00000000fe080000)
 ParOldGen       total 198144K, used 72030K [0x00000000a0000000, 0x00000000ac180000, 0x00000000e0000000)
  object space 198144K, 36% used [0x00000000a0000000,0x00000000a4657a50,0x00000000ac180000)
 Metaspace       used 79498K, capacity 83112K, committed 83840K, reserved 1122304K
  class space    used 10175K, capacity 10887K, committed 11136K, reserved 1048576K
Event: 578.605 GC heap after
Heap after GC invocations=33 (full 4):
 PSYoungGen      total 492032K, used 64K [0x00000000e0000000, 0x00000000ffe80000, 0x0000000100000000)
  eden space 462336K, 0% used [0x00000000e0000000,0x00000000e0000000,0x00000000fc380000)
  from space 29696K, 0% used [0x00000000fc380000,0x00000000fc390000,0x00000000fe080000)
  to   space 29184K, 0% used [0x00000000fe200000,0x00000000fe200000,0x00000000ffe80000)
 ParOldGen       total 198144K, used 82774K [0x00000000a0000000, 0x00000000ac180000, 0x00000000e0000000)
  object space 198144K, 41% used [0x00000000a0000000,0x00000000a50d5a38,0x00000000ac180000)
 Metaspace       used 79498K, capacity 83112K, committed 83840K, reserved 1122304K
  class space    used 10175K, capacity 10887K, committed 11136K, reserved 1048576K
}
Event: 708.772 GC heap before
{Heap before GC invocations=34 (full 4):
 PSYoungGen      total 492032K, used 462400K [0x00000000e0000000, 0x00000000ffe80000, 0x0000000100000000)
  eden space 462336K, 100% used [0x00000000e0000000,0x00000000fc380000,0x00000000fc380000)
  from space 29696K, 0% used [0x00000000fc380000,0x00000000fc390000,0x00000000fe080000)
  to   space 29184K, 0% used [0x00000000fe200000,0x00000000fe200000,0x00000000ffe80000)
 ParOldGen       total 198144K, used 82774K [0x00000000a0000000, 0x00000000ac180000, 0x00000000e0000000)
  object space 198144K, 41% used [0x00000000a0000000,0x00000000a50d5a38,0x00000000ac180000)
 Metaspace       used 79628K, capacity 83262K, committed 83840K, reserved 1122304K
  class space    used 10176K, capacity 10888K, committed 11136K, reserved 1048576K
Event: 708.786 GC heap after
Heap after GC invocations=34 (full 4):
 PSYoungGen      total 492544K, used 5450K [0x00000000e0000000, 0x00000000ffc80000, 0x0000000100000000)
  eden space 465408K, 0% used [0x00000000e0000000,0x00000000e0000000,0x00000000fc680000)
  from space 27136K, 20% used [0x00000000fe200000,0x00000000fe752898,0x00000000ffc80000)
  to   space 27648K, 0% used [0x00000000fc680000,0x00000000fc680000,0x00000000fe180000)
 ParOldGen       total 198144K, used 82822K [0x00000000a0000000, 0x00000000ac180000, 0x00000000e0000000)
  object space 198144K, 41% used [0x00000000a0000000,0x00000000a50e1a38,0x00000000ac180000)
 Metaspace       used 79628K, capacity 83262K, committed 83840K, reserved 1122304K
  class space    used 10176K, capacity 10888K, committed 11136K, reserved 1048576K
}

