# JRE version: OpenJDK Runtime Environment (8.0_152-b02) (build 1.8.0_152-release-1024-b02)
# Java VM: OpenJDK 64-Bit Server VM (25.152-b02 mixed mode windows-amd64 compressed oops)
Heap:
 PSYoungGen      total 263680K, used 199560K [0x00000000e0000000, 0x00000000f6280000, 0x0000000100000000)
  eden space 238592K, 73% used [0x00000000e0000000,0x00000000eaa68d28,0x00000000ee900000)
  from space 25088K, 99% used [0x00000000ee900000,0x00000000f01796a8,0x00000000f0180000)
  to   space 37376K, 0% used [0x00000000f3e00000,0x00000000f3e00000,0x00000000f6280000)
 ParOldGen       total 134144K, used 61505K [0x00000000a0000000, 0x00000000a8300000, 0x00000000e0000000)
  object space 134144K, 45% used [0x00000000a0000000,0x00000000a3c10578,0x00000000a8300000)
 Metaspace       used 68726K, capacity 70830K, committed 71040K, reserved 1110016K
  class space    used 8995K, capacity 9480K, committed 9600K, reserved 1048576K
GC Heap History (10 events):
Event: 41.685 GC heap before
{Heap before GC invocations=12 (full 2):
 PSYoungGen      total 173568K, used 109669K [0x00000000e0000000, 0x00000000ee880000, 0x0000000100000000)
  eden space 159232K, 59% used [0x00000000e0000000,0x00000000e5d206c0,0x00000000e9b80000)
  from space 14336K, 99% used [0x00000000e9b80000,0x00000000ea978f30,0x00000000ea980000)
  to   space 16896K, 0% used [0x00000000ed800000,0x00000000ed800000,0x00000000ee880000)
 ParOldGen       total 93696K, used 20885K [0x00000000a0000000, 0x00000000a5b80000, 0x00000000e0000000)
  object space 93696K, 22% used [0x00000000a0000000,0x00000000a1465788,0x00000000a5b80000)
 Metaspace       used 57016K, capacity 58840K, committed 59008K, reserved 1099776K
  class space    used 7794K, capacity 8261K, committed 8320K, reserved 1048576K
Event: 41.713 GC heap after
Heap after GC invocations=12 (full 2):
 PSYoungGen      total 216064K, used 16866K [0x00000000e0000000, 0x00000000eea80000, 0x0000000100000000)
  eden space 199168K, 0% used [0x00000000e0000000,0x00000000e0000000,0x00000000ec280000)
  from space 16896K, 99% used [0x00000000ed800000,0x00000000ee878970,0x00000000ee880000)
  to   space 20480K, 0% used [0x00000000ec280000,0x00000000ec280000,0x00000000ed680000)
 ParOldGen       total 93696K, used 25225K [0x00000000a0000000, 0x00000000a5b80000, 0x00000000e0000000)
  object space 93696K, 26% used [0x00000000a0000000,0x00000000a18a2558,0x00000000a5b80000)
 Metaspace       used 57016K, capacity 58840K, committed 59008K, reserved 1099776K
  class space    used 7794K, capacity 8261K, committed 8320K, reserved 1048576K
}
Event: 41.713 GC heap before
{Heap before GC invocations=13 (full 3):
 PSYoungGen      total 216064K, used 16866K [0x00000000e0000000, 0x00000000eea80000, 0x0000000100000000)
  eden space 199168K, 0% used [0x00000000e0000000,0x00000000e0000000,0x00000000ec280000)
  from space 16896K, 99% used [0x00000000ed800000,0x00000000ee878970,0x00000000ee880000)
  to   space 20480K, 0% used [0x00000000ec280000,0x00000000ec280000,0x00000000ed680000)
 ParOldGen       total 93696K, used 25225K [0x00000000a0000000, 0x00000000a5b80000, 0x00000000e0000000)
  object space 93696K, 26% used [0x00000000a0000000,0x00000000a18a2558,0x00000000a5b80000)
 Metaspace       used 57016K, capacity 58840K, committed 59008K, reserved 1099776K
  class space    used 7794K, capacity 8261K, committed 8320K, reserved 1048576K
Event: 41.950 GC heap after
Heap after GC invocations=13 (full 3):
 PSYoungGen      total 216064K, used 0K [0x00000000e0000000, 0x00000000eea80000, 0x0000000100000000)
  eden space 199168K, 0% used [0x00000000e0000000,0x00000000e0000000,0x00000000ec280000)
  from space 16896K, 0% used [0x00000000ed800000,0x00000000ed800000,0x00000000ee880000)
  to   space 20480K, 0% used [0x00000000ec280000,0x00000000ec280000,0x00000000ed680000)
 ParOldGen       total 134144K, used 34412K [0x00000000a0000000, 0x00000000a8300000, 0x00000000e0000000)
  object space 134144K, 25% used [0x00000000a0000000,0x00000000a219b180,0x00000000a8300000)
 Metaspace       used 57016K, capacity 58840K, committed 59008K, reserved 1099776K
  class space    used 7794K, capacity 8261K, committed 8320K, reserved 1048576K
}
Event: 54.993 GC heap before
{Heap before GC invocations=14 (full 3):
 PSYoungGen      total 216064K, used 199168K [0x00000000e0000000, 0x00000000eea80000, 0x0000000100000000)
  eden space 199168K, 100% used [0x00000000e0000000,0x00000000ec280000,0x00000000ec280000)
  from space 16896K, 0% used [0x00000000ed800000,0x00000000ed800000,0x00000000ee880000)
  to   space 20480K, 0% used [0x00000000ec280000,0x00000000ec280000,0x00000000ed680000)
 ParOldGen       total 134144K, used 34412K [0x00000000a0000000, 0x00000000a8300000, 0x00000000e0000000)
  object space 134144K, 25% used [0x00000000a0000000,0x00000000a219b180,0x00000000a8300000)
 Metaspace       used 58375K, capacity 60228K, committed 60416K, reserved 1101824K
  class space    used 7900K, capacity 8373K, committed 8448K, reserved 1048576K
Event: 55.042 GC heap after
Heap after GC invocations=14 (full 3):
 PSYoungGen      total 219648K, used 14116K [0x00000000e0000000, 0x00000000f1800000, 0x0000000100000000)
  eden space 199168K, 0% used [0x00000000e0000000,0x00000000e0000000,0x00000000ec280000)
  from space 20480K, 68% used [0x00000000ec280000,0x00000000ed049268,0x00000000ed680000)
  to   space 20992K, 0% used [0x00000000f0380000,0x00000000f0380000,0x00000000f1800000)
 ParOldGen       total 134144K, used 34420K [0x00000000a0000000, 0x00000000a8300000, 0x00000000e0000000)
  object space 134144K, 25% used [0x00000000a0000000,0x00000000a219d180,0x00000000a8300000)
 Metaspace       used 58375K, capacity 60228K, committed 60416K, reserved 1101824K
  class space    used 7900K, capacity 8373K, committed 8448K, reserved 1048576K
}
Event: 307.400 GC heap before
{Heap before GC invocations=15 (full 3):
 PSYoungGen      total 219648K, used 213284K [0x00000000e0000000, 0x00000000f1800000, 0x0000000100000000)
  eden space 199168K, 100% used [0x00000000e0000000,0x00000000ec280000,0x00000000ec280000)
  from space 20480K, 68% used [0x00000000ec280000,0x00000000ed049268,0x00000000ed680000)
  to   space 20992K, 0% used [0x00000000f0380000,0x00000000f0380000,0x00000000f1800000)
 ParOldGen       total 134144K, used 34420K [0x00000000a0000000, 0x00000000a8300000, 0x00000000e0000000)
  object space 134144K, 25% used [0x00000000a0000000,0x00000000a219d180,0x00000000a8300000)
 Metaspace       used 62069K, capacity 64096K, committed 64384K, reserved 1105920K
  class space    used 8275K, capacity 8777K, committed 8832K, reserved 1048576K
Event: 307.675 GC heap after
Heap after GC invocations=15 (full 3):
 PSYoungGen      total 259584K, used 20976K [0x00000000e0000000, 0x00000000f1a00000, 0x0000000100000000)
  eden space 238592K, 0% used [0x00000000e0000000,0x00000000e0000000,0x00000000ee900000)
  from space 20992K, 99% used [0x00000000f0380000,0x00000000f17fc100,0x00000000f1800000)
  to   space 25088K, 0% used [0x00000000ee900000,0x00000000ee900000,0x00000000f0180000)
 ParOldGen       total 134144K, used 37743K [0x00000000a0000000, 0x00000000a8300000, 0x00000000e0000000)
  object space 134144K, 28% used [0x00000000a0000000,0x00000000a24dbc88,0x00000000a8300000)
 Metaspace       used 62069K, capacity 64096K, committed 64384K, reserved 1105920K
  class space    used 8275K, capacity 8777K, committed 8832K, reserved 1048576K
}
Event: 319.230 GC heap before
{Heap before GC invocations=16 (full 3):
 PSYoungGen      total 259584K, used 259568K [0x00000000e0000000, 0x00000000f1a00000, 0x0000000100000000)
  eden space 238592K, 100% used [0x00000000e0000000,0x00000000ee900000,0x00000000ee900000)
  from space 20992K, 99% used [0x00000000f0380000,0x00000000f17fc100,0x00000000f1800000)
  to   space 25088K, 0% used [0x00000000ee900000,0x00000000ee900000,0x00000000f0180000)
 ParOldGen       total 134144K, used 37743K [0x00000000a0000000, 0x00000000a8300000, 0x00000000e0000000)
  object space 134144K, 28% used [0x00000000a0000000,0x00000000a24dbc88,0x00000000a8300000)
 Metaspace       used 67411K, capacity 69446K, committed 69632K, reserved 1110016K
  class space    used 8909K, capacity 9386K, committed 9472K, reserved 1048576K
Event: 319.310 GC heap after
Heap after GC invocations=16 (full 3):
 PSYoungGen      total 263680K, used 25061K [0x00000000e0000000, 0x00000000f6280000, 0x0000000100000000)
  eden space 238592K, 0% used [0x00000000e0000000,0x00000000e0000000,0x00000000ee900000)
  from space 25088K, 99% used [0x00000000ee900000,0x00000000f01796a8,0x00000000f0180000)
  to   space 37376K, 0% used [0x00000000f3e00000,0x00000000f3e00000,0x00000000f6280000)
 ParOldGen       total 134144K, used 61505K [0x00000000a0000000, 0x00000000a8300000, 0x00000000e0000000)
  object space 134144K, 45% used [0x00000000a0000000,0x00000000a3c10578,0x00000000a8300000)
 Metaspace       used 67411K, capacity 69446K, committed 69632K, reserved 1110016K
  class space    used 8909K, capacity 9386K, committed 9472K, reserved 1048576K
}

